<?xml version="1.0" encoding="UTF-8"?>
<testng-results total="1" passed="1" failed="0" skipped="0">
  <reporter-output>
  </reporter-output>
  <suite started-at="2020-09-23T20:35:44Z" name="Default suite" finished-at="2020-09-23T20:36:22Z" duration-ms="37668">
    <groups>
    </groups>
    <test started-at="2020-09-23T20:35:44Z" name="Default test" finished-at="2020-09-23T20:36:22Z" duration-ms="37668">
      <class name="com.autdeskcrm.conatcttest.CreateNewRoleTest">
        <test-method is-config="true" signature="configBS()[pri:0, instance:com.autdeskcrm.conatcttest.CreateNewRoleTest@a4102b8]" started-at="2020-09-24T02:05:44Z" name="configBS" finished-at="2020-09-24T02:05:44Z" duration-ms="10" status="PASS">
          <reporter-output>
          </reporter-output>
        </test-method> <!-- configBS -->
        <test-method is-config="true" signature="configBC()[pri:0, instance:com.autdeskcrm.conatcttest.CreateNewRoleTest@a4102b8]" started-at="2020-09-24T02:05:44Z" name="configBC" finished-at="2020-09-24T02:05:50Z" duration-ms="6014" status="PASS">
          <reporter-output>
          </reporter-output>
        </test-method> <!-- configBC -->
        <test-method is-config="true" signature="configBM()[pri:0, instance:com.autdeskcrm.conatcttest.CreateNewRoleTest@a4102b8]" started-at="2020-09-24T02:05:50Z" name="configBM" finished-at="2020-09-24T02:06:00Z" duration-ms="9645" status="PASS">
          <reporter-output>
          </reporter-output>
        </test-method> <!-- configBM -->
        <test-method signature="createNewRole()[pri:0, instance:com.autdeskcrm.conatcttest.CreateNewRoleTest@a4102b8]" started-at="2020-09-24T02:06:00Z" name="createNewRole" finished-at="2020-09-24T02:06:16Z" duration-ms="16396" status="PASS">
          <reporter-output>
          </reporter-output>
        </test-method> <!-- createNewRole -->
        <test-method is-config="true" signature="configAm()[pri:0, instance:com.autdeskcrm.conatcttest.CreateNewRoleTest@a4102b8]" started-at="2020-09-24T02:06:16Z" name="configAm" finished-at="2020-09-24T02:06:21Z" duration-ms="4842" status="PASS">
          <reporter-output>
          </reporter-output>
        </test-method> <!-- configAm -->
        <test-method is-config="true" signature="configAC()[pri:0, instance:com.autdeskcrm.conatcttest.CreateNewRoleTest@a4102b8]" started-at="2020-09-24T02:06:21Z" name="configAC" finished-at="2020-09-24T02:06:22Z" duration-ms="743" status="PASS">
          <reporter-output>
          </reporter-output>
        </test-method> <!-- configAC -->
        <test-method is-config="true" signature="confiAs()[pri:0, instance:com.autdeskcrm.conatcttest.CreateNewRoleTest@a4102b8]" started-at="2020-09-24T02:06:22Z" name="confiAs" finished-at="2020-09-24T02:06:22Z" duration-ms="0" status="PASS">
          <reporter-output>
          </reporter-output>
        </test-method> <!-- confiAs -->
      </class> <!-- com.autdeskcrm.conatcttest.CreateNewRoleTest -->
    </test> <!-- Default test -->
  </suite> <!-- Default suite -->
</testng-results>
